<?xml version="1.0" encoding="UTF-8"?>
<!-- Generated by org.testng.reporters.JUnitReportReporter -->
<testsuite hostname="SAIMULE" failures="0" tests="1" name="TestRunner.DemoNG" time="0.461" errors="1" timestamp="2025-03-07T12:27:00 IST" skipped="0">
  <testcase classname="TestRunner.DemoNG" name="runScenario" time="0.461">
    <error message="TODO: implement me" type="io.cucumber.java.PendingException">
      <![CDATA[io.cucumber.java.PendingException: TODO: implement me
at StepDefinition.Sample1Scenario.user_opens_the_browser(Sample1Scenario.java:12)
at âœ½.User opens the Browser(file:///C:/Users/saimu/eclipse-workspace/ProjectName-3/src/test/resources/Feature/Sample1.feature:3)
]]>
    </error>
  </testcase> <!-- runScenario -->
</testsuite> <!-- TestRunner.DemoNG -->
