<?xml version="1.0" encoding="ISO-8859-1" ?>
<!DOCTYPE html PUBLIC "-//W3C//DTD XHTML 1.0 Strict//EN"
"http://www.w3.org/TR/xhtml1/DTD/xhtml1-strict.dtd">
<html xmlns="http://www.w3.org/1999/xhtml" xml:lang="en" lang="en">
<head>
  <meta http-equiv="Content-Type" content="text/html;charset=utf-8" />
  <meta name="description" content="TestNG unit test results." />
  <link href="css/bootstrap.min.css" rel="stylesheet" />
  <link href="css/reportngClass.css" rel="stylesheet" />
  <script type="text/javascript" src="js/reportngClass.js"></script>
  <script type="text/javascript" src="js/jquery-1.4.4.min.js"></script> 
  <script type="text/javascript" src="js/jquery.tablesorter.min.js"></script>
  <script type="text/javascript" src="js/json-min.js"></script>
  <script type="text/javascript">
	$(document).ready(function(){
		$('.tablesorter').tablesorter({sortList: [[0,0]]});
	});
  </script>
</head>
<body onload="doParse(); return false;" onkeypress="collapseExpand();">
<div class="well well-large">
	<b>Test Info</>
	<table class="table">
	  <tr>
	    <th>Test Name : </th>
	    <th>
	    	<div class="tooltipCustom">
	    		<img src="images/copy.png" width="10" height="15" alt="Copy to Clipboard" onclick="copyToClipboard('#testNameId')"/>
	    		<span class="tooltiptextCustom">Copy Test name</span>
			</div>
	    </th>
	    <th id="testNameId">Test</th> 
	  </tr>
	  <tr>
	    <th>Test Class : </th>
	    <th>
	    	<div class="tooltipCustom">
	    		<img src="images/copy.png" width="10" height="15" alt="Copy to Clipboard" onclick="copyToClipboard('#testClassId')"/>
	    		<span class="tooltiptextCustom">Copy full path Class name</span>
			</div>
	    	<div class="tooltipCustom">
	    		<img src="images/copy.png" width="10" height="15" alt="Copy to Clipboard" onclick="copyToClipboard('#testClassNameId')"/>
	    		<span class="tooltiptextCustom">Copy Class name</span>
			</div>
	    </th> 
	    <th id="testClassId">TestCaseDemo.Test1<br>TestCaseDemo.Test2<br></th>
	    <th id="testClassNameId" hidden="true">Test1<br>Test2<br></th>
	  </tr>
	  <tr>
	    <th>Suite Name : </th>
	    <th>
	    	<div class="tooltipCustom">
	    		<img src="images/copy.png" width="10" height="15" alt="Copy to Clipboard" onclick="copyToClipboard('#suiteNameId')"/>
	    		<span class="tooltiptextCustom">Copy Suite name</span>
			</div>
		</th>
	    <th id="suiteNameId">Suite</th>
	  </tr>
	  <tr>
	    <th>Suite XML : </th>
	    <th>
	    	<div class="tooltipCustom">
	    		<img src="images/copy.png" width="10" height="15" alt="Copy to Clipboard" onclick="copyToClipboard('#suiteXMLId')"/>
	    		<span class="tooltiptextCustom">Copy Suite full path name</span>
			</div>
	    	<div class="tooltipCustom">
	    		<img src="images/copy.png" width="10" height="15" alt="Copy to Clipboard" onclick="copyToClipboard('#suiteXMLNameId')"/>
	    		<span class="tooltiptextCustom">Copy Suite file name</span>
			</div>
	    </th> 
	  	<th id="suiteXMLId">C:\Users\saimu\eclipse-workspace\ProjectName\testng.xml</th>
	  	<th id="suiteXMLNameId" hidden="true">testng.xml</th>
	  </tr>
	  	  <tr>
	    <th>Total Time : </th>
	    <th></th>
	    <th>00:00:00</th> 
	  </tr>
	  <tr>
	    <th>Total Steps : </th>
	   	<th></th>
	    <th>5</th> 
	  </tr>
	  <tr>
	    <th>Status : </th>
	    <th></th>
	    <th><font color="yellow">SKIP</font></th> 
	  </tr>
	</table>
</div>
<div class="well well-large">
	<div class="row">
		<div class="col-xs-12">
	        <div class="text-right">
	            <button id="hideResults" type="button" class="btn-danger" onclick="collapseExpand(this);" onkeypress="collapseExpand(this);" class="btn pull-right" title="Click or Press Any key to collapse/expand All Failed Tests and Configuration Methods">Show Only Failures</button>
	        </div>
	    </div>
	</div>
	<table class="tablesorter" border="1">
		<thead>
		<tr>
		<th class="headerTime">Time</th>
		<th class="headerTime" width="12%">Info</th>
		<th class="headerTime" width="88%">Test</th>
		</tr>
		</thead>
		<tbody>
		
									<tr>
		<td class="time">1741243382393</td>
		<td class="header failedConfig" colspan="4" onClick="toggleElement('c08c6eea-cb7b-44bf-b8d7-1596b2b80600','block');changeSingleIcon('span-c08c6eea-cb7b-44bf-b8d7-1596b2b80600');" title="Click to expand/collapse" style="cursor: pointer;">
		<div style="float:left;"><i>Class&nbsp;:&nbsp;</i>TestCaseDemo.Test1</div>
		<div style="float:right;">@BeforeMethod &nbsp;&nbsp;<span id='span-c08c6eea-cb7b-44bf-b8d7-1596b2b80600' class="glyphicon glyphicon-menu-down"></span></div>
		</td>
	</tr>
			<tr>
		<td class="time">1741243382393</td>
		<td class="methodConfiguration">
				<span class="description"><b>Class: </b>class TestCaseDemo.Test1</span><br>
		<span class="description"><b>Method: </b>openBrowser</span><br>
				<span class="duration"><b>Duration: </b>0.082s</span><br>
		</td>
		<td class="resultConfiguration">
										<div class="stackTrace" id="c08c6eea-cb7b-44bf-b8d7-1596b2b80600">
								<a href="javascript:toggleElement('exception-c08c6eea-cb7b-44bf-b8d7-1596b2b80600','block')" title="Click to expand/collapse"><b>org.openqa.selenium.remote.NoSuchDriverException: Unable to obtain: chromedriver, error chromedriver must exist: path\to\chromedriver<br/>
For documentation on this error, please visit: https://www.selenium.dev/documentation/webdriver/troubleshooting/errors/driver_location/<br/>
Build info: version: &apos;4.29.0&apos;, revision: &apos;5fc1ec94cb&apos;<br/>
System info: os.name: &apos;Windows 11&apos;, os.arch: &apos;amd64&apos;, os.version: &apos;10.0&apos;, java.version: &apos;17.0.4.1&apos;<br/>
Driver info: driver.version: ChromeDriver</b></a><br>
		    <div class="stackTrace" id="exception-c08c6eea-cb7b-44bf-b8d7-1596b2b80600">
							org.openqa.selenium.remote.service.DriverFinder.getBinaryPaths(DriverFinder.java:121)<br>
							org.openqa.selenium.remote.service.DriverFinder.getDriverPath(DriverFinder.java:55)<br>
							org.openqa.selenium.chrome.ChromeDriver.generateExecutor(ChromeDriver.java:99)<br>
							org.openqa.selenium.chrome.ChromeDriver.&lt;init&gt;(ChromeDriver.java:88)<br>
							org.openqa.selenium.chrome.ChromeDriver.&lt;init&gt;(ChromeDriver.java:83)<br>
							org.openqa.selenium.chrome.ChromeDriver.&lt;init&gt;(ChromeDriver.java:51)<br>
							Browser.browser.openBrowser(browser.java:11)<br>
							TestCaseDemo.Test1.openBrowser(Test1.java:37)<br>
							java.base/jdk.internal.reflect.NativeMethodAccessorImpl.invoke0(Native Method)<br>
							java.base/jdk.internal.reflect.NativeMethodAccessorImpl.invoke(NativeMethodAccessorImpl.java:77)<br>
							java.base/jdk.internal.reflect.DelegatingMethodAccessorImpl.invoke(DelegatingMethodAccessorImpl.java:43)<br>
							java.base/java.lang.reflect.Method.invoke(Method.java:568)<br>
							org.testng.internal.invokers.MethodInvocationHelper.invokeMethod(MethodInvocationHelper.java:141)<br>
							org.testng.internal.invokers.MethodInvocationHelper.invokeMethodConsideringTimeout(MethodInvocationHelper.java:71)<br>
							org.testng.internal.invokers.ConfigInvoker.invokeConfigurationMethod(ConfigInvoker.java:400)<br>
							org.testng.internal.invokers.ConfigInvoker.invokeConfigurations(ConfigInvoker.java:333)<br>
							org.testng.internal.invokers.TestInvoker.runConfigMethods(TestInvoker.java:833)<br>
							org.testng.internal.invokers.TestInvoker.invokeMethod(TestInvoker.java:600)<br>
							org.testng.internal.invokers.TestInvoker.invokeTestMethod(TestInvoker.java:230)<br>
							org.testng.internal.invokers.MethodRunner.runInSequence(MethodRunner.java:63)<br>
							org.testng.internal.invokers.TestInvoker$MethodInvocationAgent.invoke(TestInvoker.java:992)<br>
							org.testng.internal.invokers.TestInvoker.invokeTestMethods(TestInvoker.java:203)<br>
							org.testng.internal.invokers.TestMethodWorker.invokeTestMethods(TestMethodWorker.java:154)<br>
							org.testng.internal.invokers.TestMethodWorker.run(TestMethodWorker.java:134)<br>
							java.base/java.util.ArrayList.forEach(ArrayList.java:1511)<br>
							org.testng.TestRunner.privateRun(TestRunner.java:739)<br>
							org.testng.TestRunner.run(TestRunner.java:614)<br>
							org.testng.SuiteRunner.runTest(SuiteRunner.java:421)<br>
							org.testng.SuiteRunner.runSequentially(SuiteRunner.java:413)<br>
							org.testng.SuiteRunner.privateRun(SuiteRunner.java:373)<br>
							org.testng.SuiteRunner.run(SuiteRunner.java:312)<br>
							org.testng.SuiteRunnerWorker.runSuite(SuiteRunnerWorker.java:52)<br>
							org.testng.SuiteRunnerWorker.run(SuiteRunnerWorker.java:95)<br>
							org.testng.TestNG.runSuitesSequentially(TestNG.java:1274)<br>
							org.testng.TestNG.runSuitesLocally(TestNG.java:1208)<br>
							org.testng.TestNG.runSuites(TestNG.java:1112)<br>
							org.testng.TestNG.run(TestNG.java:1079)<br>
							org.testng.remote.AbstractRemoteTestNG.run(AbstractRemoteTestNG.java:115)<br>
							org.testng.remote.RemoteTestNG.initAndRun(RemoteTestNG.java:293)<br>
							org.testng.remote.RemoteTestNG.main(RemoteTestNG.java:91)<br>
									    <b>Caused by: </b> <a href="javascript:toggleElement('causedBy-c08c6eea-cb7b-44bf-b8d7-1596b2b80600','block')" title="Click to expand/collapse">java.lang.IllegalStateException: chromedriver must exist: path\to\chromedriver</a><br>
			    <div class="stackTrace" id="causedBy-c08c6eea-cb7b-44bf-b8d7-1596b2b80600">
									org.openqa.selenium.internal.Require$PathStateChecker.isExecutable(Require.java:475)<br>
									org.openqa.selenium.remote.service.DriverFinder.getBinaryPaths(DriverFinder.java:118)<br>
									org.openqa.selenium.remote.service.DriverFinder.getDriverPath(DriverFinder.java:55)<br>
									org.openqa.selenium.chrome.ChromeDriver.generateExecutor(ChromeDriver.java:99)<br>
									org.openqa.selenium.chrome.ChromeDriver.&lt;init&gt;(ChromeDriver.java:88)<br>
									org.openqa.selenium.chrome.ChromeDriver.&lt;init&gt;(ChromeDriver.java:83)<br>
									org.openqa.selenium.chrome.ChromeDriver.&lt;init&gt;(ChromeDriver.java:51)<br>
									Browser.browser.openBrowser(browser.java:11)<br>
									TestCaseDemo.Test1.openBrowser(Test1.java:37)<br>
									java.base/jdk.internal.reflect.NativeMethodAccessorImpl.invoke0(Native Method)<br>
									java.base/jdk.internal.reflect.NativeMethodAccessorImpl.invoke(NativeMethodAccessorImpl.java:77)<br>
									java.base/jdk.internal.reflect.DelegatingMethodAccessorImpl.invoke(DelegatingMethodAccessorImpl.java:43)<br>
									java.base/java.lang.reflect.Method.invoke(Method.java:568)<br>
									org.testng.internal.invokers.MethodInvocationHelper.invokeMethod(MethodInvocationHelper.java:141)<br>
									org.testng.internal.invokers.MethodInvocationHelper.invokeMethodConsideringTimeout(MethodInvocationHelper.java:71)<br>
									org.testng.internal.invokers.ConfigInvoker.invokeConfigurationMethod(ConfigInvoker.java:400)<br>
									org.testng.internal.invokers.ConfigInvoker.invokeConfigurations(ConfigInvoker.java:333)<br>
									org.testng.internal.invokers.TestInvoker.runConfigMethods(TestInvoker.java:833)<br>
									org.testng.internal.invokers.TestInvoker.invokeMethod(TestInvoker.java:600)<br>
									org.testng.internal.invokers.TestInvoker.invokeTestMethod(TestInvoker.java:230)<br>
									org.testng.internal.invokers.MethodRunner.runInSequence(MethodRunner.java:63)<br>
									org.testng.internal.invokers.TestInvoker$MethodInvocationAgent.invoke(TestInvoker.java:992)<br>
									org.testng.internal.invokers.TestInvoker.invokeTestMethods(TestInvoker.java:203)<br>
									org.testng.internal.invokers.TestMethodWorker.invokeTestMethods(TestMethodWorker.java:154)<br>
									org.testng.internal.invokers.TestMethodWorker.run(TestMethodWorker.java:134)<br>
									java.base/java.util.ArrayList.forEach(ArrayList.java:1511)<br>
									org.testng.TestRunner.privateRun(TestRunner.java:739)<br>
									org.testng.TestRunner.run(TestRunner.java:614)<br>
									org.testng.SuiteRunner.runTest(SuiteRunner.java:421)<br>
									org.testng.SuiteRunner.runSequentially(SuiteRunner.java:413)<br>
									org.testng.SuiteRunner.privateRun(SuiteRunner.java:373)<br>
									org.testng.SuiteRunner.run(SuiteRunner.java:312)<br>
									org.testng.SuiteRunnerWorker.runSuite(SuiteRunnerWorker.java:52)<br>
									org.testng.SuiteRunnerWorker.run(SuiteRunnerWorker.java:95)<br>
									org.testng.TestNG.runSuitesSequentially(TestNG.java:1274)<br>
									org.testng.TestNG.runSuitesLocally(TestNG.java:1208)<br>
									org.testng.TestNG.runSuites(TestNG.java:1112)<br>
									org.testng.TestNG.run(TestNG.java:1079)<br>
									org.testng.remote.AbstractRemoteTestNG.run(AbstractRemoteTestNG.java:115)<br>
									org.testng.remote.RemoteTestNG.initAndRun(RemoteTestNG.java:293)<br>
									org.testng.remote.RemoteTestNG.main(RemoteTestNG.java:91)<br>
								</div>
						</div>
				</div>
		</td>
	</tr>
							<tr>
		<td class="time">1741243382695</td>
		<td class="header failedConfig" colspan="4" onClick="toggleElement('d46e65f5-d102-45af-bd25-917c8a863c01','block');changeSingleIcon('span-d46e65f5-d102-45af-bd25-917c8a863c01');" title="Click to expand/collapse" style="cursor: pointer;">
		<div style="float:left;"><i>Class&nbsp;:&nbsp;</i>TestCaseDemo.Test2</div>
		<div style="float:right;">@BeforeClass &nbsp;&nbsp;<span id='span-d46e65f5-d102-45af-bd25-917c8a863c01' class="glyphicon glyphicon-menu-down"></span></div>
		</td>
	</tr>
			<tr>
		<td class="time">1741243382695</td>
		<td class="methodConfiguration">
				<span class="description"><b>Class: </b>class TestCaseDemo.Test2</span><br>
		<span class="description"><b>Method: </b>setup</span><br>
				<span class="duration"><b>Duration: </b>0.007s</span><br>
		</td>
		<td class="resultConfiguration">
										<div class="stackTrace" id="d46e65f5-d102-45af-bd25-917c8a863c01">
								<a href="javascript:toggleElement('exception-d46e65f5-d102-45af-bd25-917c8a863c01','block')" title="Click to expand/collapse"><b>org.openqa.selenium.remote.NoSuchDriverException: Unable to obtain: chromedriver, error chromedriver must exist: path\to\chromedriver<br/>
For documentation on this error, please visit: https://www.selenium.dev/documentation/webdriver/troubleshooting/errors/driver_location/<br/>
Build info: version: &apos;4.29.0&apos;, revision: &apos;5fc1ec94cb&apos;<br/>
System info: os.name: &apos;Windows 11&apos;, os.arch: &apos;amd64&apos;, os.version: &apos;10.0&apos;, java.version: &apos;17.0.4.1&apos;<br/>
Driver info: driver.version: ChromeDriver</b></a><br>
		    <div class="stackTrace" id="exception-d46e65f5-d102-45af-bd25-917c8a863c01">
							org.openqa.selenium.remote.service.DriverFinder.getBinaryPaths(DriverFinder.java:121)<br>
							org.openqa.selenium.remote.service.DriverFinder.getDriverPath(DriverFinder.java:55)<br>
							org.openqa.selenium.chrome.ChromeDriver.generateExecutor(ChromeDriver.java:99)<br>
							org.openqa.selenium.chrome.ChromeDriver.&lt;init&gt;(ChromeDriver.java:88)<br>
							org.openqa.selenium.chrome.ChromeDriver.&lt;init&gt;(ChromeDriver.java:83)<br>
							org.openqa.selenium.chrome.ChromeDriver.&lt;init&gt;(ChromeDriver.java:51)<br>
							TestCaseDemo.Test2.setup(Test2.java:36)<br>
							java.base/jdk.internal.reflect.NativeMethodAccessorImpl.invoke0(Native Method)<br>
							java.base/jdk.internal.reflect.NativeMethodAccessorImpl.invoke(NativeMethodAccessorImpl.java:77)<br>
							java.base/jdk.internal.reflect.DelegatingMethodAccessorImpl.invoke(DelegatingMethodAccessorImpl.java:43)<br>
							java.base/java.lang.reflect.Method.invoke(Method.java:568)<br>
							org.testng.internal.invokers.MethodInvocationHelper.invokeMethod(MethodInvocationHelper.java:141)<br>
							org.testng.internal.invokers.MethodInvocationHelper.invokeMethodConsideringTimeout(MethodInvocationHelper.java:71)<br>
							org.testng.internal.invokers.ConfigInvoker.invokeConfigurationMethod(ConfigInvoker.java:400)<br>
							org.testng.internal.invokers.ConfigInvoker.invokeConfigurations(ConfigInvoker.java:333)<br>
							org.testng.internal.invokers.TestMethodWorker.invokeBeforeClassMethods(TestMethodWorker.java:188)<br>
							org.testng.internal.invokers.TestMethodWorker.run(TestMethodWorker.java:128)<br>
							java.base/java.util.ArrayList.forEach(ArrayList.java:1511)<br>
							org.testng.TestRunner.privateRun(TestRunner.java:739)<br>
							org.testng.TestRunner.run(TestRunner.java:614)<br>
							org.testng.SuiteRunner.runTest(SuiteRunner.java:421)<br>
							org.testng.SuiteRunner.runSequentially(SuiteRunner.java:413)<br>
							org.testng.SuiteRunner.privateRun(SuiteRunner.java:373)<br>
							org.testng.SuiteRunner.run(SuiteRunner.java:312)<br>
							org.testng.SuiteRunnerWorker.runSuite(SuiteRunnerWorker.java:52)<br>
							org.testng.SuiteRunnerWorker.run(SuiteRunnerWorker.java:95)<br>
							org.testng.TestNG.runSuitesSequentially(TestNG.java:1274)<br>
							org.testng.TestNG.runSuitesLocally(TestNG.java:1208)<br>
							org.testng.TestNG.runSuites(TestNG.java:1112)<br>
							org.testng.TestNG.run(TestNG.java:1079)<br>
							org.testng.remote.AbstractRemoteTestNG.run(AbstractRemoteTestNG.java:115)<br>
							org.testng.remote.RemoteTestNG.initAndRun(RemoteTestNG.java:293)<br>
							org.testng.remote.RemoteTestNG.main(RemoteTestNG.java:91)<br>
									    <b>Caused by: </b> <a href="javascript:toggleElement('causedBy-d46e65f5-d102-45af-bd25-917c8a863c01','block')" title="Click to expand/collapse">java.lang.IllegalStateException: chromedriver must exist: path\to\chromedriver</a><br>
			    <div class="stackTrace" id="causedBy-d46e65f5-d102-45af-bd25-917c8a863c01">
									org.openqa.selenium.internal.Require$PathStateChecker.isExecutable(Require.java:475)<br>
									org.openqa.selenium.remote.service.DriverFinder.getBinaryPaths(DriverFinder.java:118)<br>
									org.openqa.selenium.remote.service.DriverFinder.getDriverPath(DriverFinder.java:55)<br>
									org.openqa.selenium.chrome.ChromeDriver.generateExecutor(ChromeDriver.java:99)<br>
									org.openqa.selenium.chrome.ChromeDriver.&lt;init&gt;(ChromeDriver.java:88)<br>
									org.openqa.selenium.chrome.ChromeDriver.&lt;init&gt;(ChromeDriver.java:83)<br>
									org.openqa.selenium.chrome.ChromeDriver.&lt;init&gt;(ChromeDriver.java:51)<br>
									TestCaseDemo.Test2.setup(Test2.java:36)<br>
									java.base/jdk.internal.reflect.NativeMethodAccessorImpl.invoke0(Native Method)<br>
									java.base/jdk.internal.reflect.NativeMethodAccessorImpl.invoke(NativeMethodAccessorImpl.java:77)<br>
									java.base/jdk.internal.reflect.DelegatingMethodAccessorImpl.invoke(DelegatingMethodAccessorImpl.java:43)<br>
									java.base/java.lang.reflect.Method.invoke(Method.java:568)<br>
									org.testng.internal.invokers.MethodInvocationHelper.invokeMethod(MethodInvocationHelper.java:141)<br>
									org.testng.internal.invokers.MethodInvocationHelper.invokeMethodConsideringTimeout(MethodInvocationHelper.java:71)<br>
									org.testng.internal.invokers.ConfigInvoker.invokeConfigurationMethod(ConfigInvoker.java:400)<br>
									org.testng.internal.invokers.ConfigInvoker.invokeConfigurations(ConfigInvoker.java:333)<br>
									org.testng.internal.invokers.TestMethodWorker.invokeBeforeClassMethods(TestMethodWorker.java:188)<br>
									org.testng.internal.invokers.TestMethodWorker.run(TestMethodWorker.java:128)<br>
									java.base/java.util.ArrayList.forEach(ArrayList.java:1511)<br>
									org.testng.TestRunner.privateRun(TestRunner.java:739)<br>
									org.testng.TestRunner.run(TestRunner.java:614)<br>
									org.testng.SuiteRunner.runTest(SuiteRunner.java:421)<br>
									org.testng.SuiteRunner.runSequentially(SuiteRunner.java:413)<br>
									org.testng.SuiteRunner.privateRun(SuiteRunner.java:373)<br>
									org.testng.SuiteRunner.run(SuiteRunner.java:312)<br>
									org.testng.SuiteRunnerWorker.runSuite(SuiteRunnerWorker.java:52)<br>
									org.testng.SuiteRunnerWorker.run(SuiteRunnerWorker.java:95)<br>
									org.testng.TestNG.runSuitesSequentially(TestNG.java:1274)<br>
									org.testng.TestNG.runSuitesLocally(TestNG.java:1208)<br>
									org.testng.TestNG.runSuites(TestNG.java:1112)<br>
									org.testng.TestNG.run(TestNG.java:1079)<br>
									org.testng.remote.AbstractRemoteTestNG.run(AbstractRemoteTestNG.java:115)<br>
									org.testng.remote.RemoteTestNG.initAndRun(RemoteTestNG.java:293)<br>
									org.testng.remote.RemoteTestNG.main(RemoteTestNG.java:91)<br>
								</div>
						</div>
				</div>
		</td>
	</tr>
						
					    				<tr>
		<td class="time">1741243382663</td>
		<td class="header skippedConfig" colspan="4" onClick="toggleElement('dd70795b-e19a-4052-a191-bdc4c1a7af3f','block');changeSingleIcon('span-dd70795b-e19a-4052-a191-bdc4c1a7af3f');" title="Click to expand/collapse">
		<div style="float:left;"><i>Class&nbsp;:&nbsp;</i>TestCaseDemo.Test1</div>
		<div style="float:right;">@AfterMethod &nbsp;&nbsp;<span id='span-dd70795b-e19a-4052-a191-bdc4c1a7af3f' class="glyphicon glyphicon-menu-down"></span></div>
		</td>
	</tr>
		<tr>
		<td class="time">1741243382663</td>
		<td class="methodConfiguration">
				<span class="description"><b>Class: </b>class TestCaseDemo.Test1</span><br>
		<span class="description"><b>Method: </b>closeBrowser</span><br>
				<span class="duration"><b>Duration: </b>0.000s</span><br>
		</td>
		<td class="resultConfiguration">
				 														<div class="stackTrace" id="dd70795b-e19a-4052-a191-bdc4c1a7af3f">
							</div>
		</td>
	</tr>
				<tr>
		<td class="time">1741243382671</td>
		<td class="header skippedConfig" colspan="4" onClick="toggleElement('f57cbd98-33e3-4ef7-a3e1-5cd5af25792b','block');changeSingleIcon('span-f57cbd98-33e3-4ef7-a3e1-5cd5af25792b');" title="Click to expand/collapse">
		<div style="float:left;"><i>Class&nbsp;:&nbsp;</i>TestCaseDemo.Test1</div>
		<div style="float:right;">@BeforeMethod &nbsp;&nbsp;<span id='span-f57cbd98-33e3-4ef7-a3e1-5cd5af25792b' class="glyphicon glyphicon-menu-down"></span></div>
		</td>
	</tr>
		<tr>
		<td class="time">1741243382671</td>
		<td class="methodConfiguration">
				<span class="description"><b>Class: </b>class TestCaseDemo.Test1</span><br>
		<span class="description"><b>Method: </b>openBrowser</span><br>
				<span class="duration"><b>Duration: </b>0.000s</span><br>
		</td>
		<td class="resultConfiguration">
				 														<div class="stackTrace" id="f57cbd98-33e3-4ef7-a3e1-5cd5af25792b">
							</div>
		</td>
	</tr>
				<tr>
		<td class="time">1741243382689</td>
		<td class="header skippedConfig" colspan="4" onClick="toggleElement('f41bbfaa-6117-4988-a0f8-6bddb216d4b9','block');changeSingleIcon('span-f41bbfaa-6117-4988-a0f8-6bddb216d4b9');" title="Click to expand/collapse">
		<div style="float:left;"><i>Class&nbsp;:&nbsp;</i>TestCaseDemo.Test1</div>
		<div style="float:right;">@AfterMethod &nbsp;&nbsp;<span id='span-f41bbfaa-6117-4988-a0f8-6bddb216d4b9' class="glyphicon glyphicon-menu-down"></span></div>
		</td>
	</tr>
		<tr>
		<td class="time">1741243382689</td>
		<td class="methodConfiguration">
				<span class="description"><b>Class: </b>class TestCaseDemo.Test1</span><br>
		<span class="description"><b>Method: </b>closeBrowser</span><br>
				<span class="duration"><b>Duration: </b>0.000s</span><br>
		</td>
		<td class="resultConfiguration">
				 														<div class="stackTrace" id="f41bbfaa-6117-4988-a0f8-6bddb216d4b9">
							</div>
		</td>
	</tr>
				<tr>
		<td class="time">1741243382902</td>
		<td class="header skippedConfig" colspan="4" onClick="toggleElement('7ed8655a-37ea-467a-9f41-2f129c3a6d88','block');changeSingleIcon('span-7ed8655a-37ea-467a-9f41-2f129c3a6d88');" title="Click to expand/collapse">
		<div style="float:left;"><i>Class&nbsp;:&nbsp;</i>TestCaseDemo.Test1</div>
		<div style="float:right;">@AfterSuite &nbsp;&nbsp;<span id='span-7ed8655a-37ea-467a-9f41-2f129c3a6d88' class="glyphicon glyphicon-menu-down"></span></div>
		</td>
	</tr>
		<tr>
		<td class="time">1741243382902</td>
		<td class="methodConfiguration">
				<span class="description"><b>Class: </b>class TestCaseDemo.Test1</span><br>
		<span class="description"><b>Method: </b>generateReport</span><br>
				<span class="duration"><b>Duration: </b>0.000s</span><br>
		</td>
		<td class="resultConfiguration">
				 														<div class="stackTrace" id="7ed8655a-37ea-467a-9f41-2f129c3a6d88">
							</div>
		</td>
	</tr>
	    	    				<tr>
		<td class="time">1741243382761</td>
		<td class="header skippedConfig" colspan="4" onClick="toggleElement('b657f92f-5009-4fbc-a722-67130c792122','block');changeSingleIcon('span-b657f92f-5009-4fbc-a722-67130c792122');" title="Click to expand/collapse">
		<div style="float:left;"><i>Class&nbsp;:&nbsp;</i>TestCaseDemo.Test2</div>
		<div style="float:right;">@AfterClass &nbsp;&nbsp;<span id='span-b657f92f-5009-4fbc-a722-67130c792122' class="glyphicon glyphicon-menu-down"></span></div>
		</td>
	</tr>
		<tr>
		<td class="time">1741243382761</td>
		<td class="methodConfiguration">
				<span class="description"><b>Class: </b>class TestCaseDemo.Test2</span><br>
		<span class="description"><b>Method: </b>close</span><br>
				<span class="duration"><b>Duration: </b>0.000s</span><br>
		</td>
		<td class="resultConfiguration">
				 														<div class="stackTrace" id="b657f92f-5009-4fbc-a722-67130c792122">
							</div>
		</td>
	</tr>
	    	    		
												
				
											<tr>
	<td class="time">1741243382676</td>
	<td class="header skipped" colspan="4" onClick="toggleElement('f6a124e8-1225-45e1-8681-486a6e29720e','block');changeSingleIcon('span-f6a124e8-1225-45e1-8681-486a6e29720e');" title="Click to expand/collapse" style="cursor: pointer;">
	<div style="float:left;"><i>Class&nbsp;:&nbsp;</i>TestCaseDemo.Test1</div>
	<div style="float:right;">@Test @ with DataProvider : [""] &nbsp;&nbsp;<span id='span-f6a124e8-1225-45e1-8681-486a6e29720e' class="glyphicon glyphicon-menu-down"></span></div>
	</td>
	</tr>
<tr>
	<td class="time">1741243382676</td>
	<td class="methodTest">
		<span class="description"><b>Method: </b>loginFunctionality</span><br>
			<span class="description"><b>Description: </b></span><br>
				<span class="description"><b>Priority: </b><font color='blue'>2</font></span><br>
						<span class="duration"><b>Duration: </b>0.000s</span><br>
	</td>
	<td class="result">
		 									<div class="stackTrace" id="f6a124e8-1225-45e1-8681-486a6e29720e" style="display: block;">
						<a href="javascript:toggleElement('exception-f6a124e8-1225-45e1-8681-486a6e29720e','block')" title="Click to expand/collapse"><b>org.openqa.selenium.remote.NoSuchDriverException: Unable to obtain: chromedriver, error chromedriver must exist: path\to\chromedriver<br/>
For documentation on this error, please visit: https://www.selenium.dev/documentation/webdriver/troubleshooting/errors/driver_location/<br/>
Build info: version: &apos;4.29.0&apos;, revision: &apos;5fc1ec94cb&apos;<br/>
System info: os.name: &apos;Windows 11&apos;, os.arch: &apos;amd64&apos;, os.version: &apos;10.0&apos;, java.version: &apos;17.0.4.1&apos;<br/>
Driver info: driver.version: ChromeDriver</b></a><br/>
		<div class="stackTrace" id="exception-f6a124e8-1225-45e1-8681-486a6e29720e">
					org.openqa.selenium.remote.service.DriverFinder.getBinaryPaths(DriverFinder.java:121)<br/>
					org.openqa.selenium.remote.service.DriverFinder.getDriverPath(DriverFinder.java:55)<br/>
					org.openqa.selenium.chrome.ChromeDriver.generateExecutor(ChromeDriver.java:99)<br/>
					org.openqa.selenium.chrome.ChromeDriver.&lt;init&gt;(ChromeDriver.java:88)<br/>
					org.openqa.selenium.chrome.ChromeDriver.&lt;init&gt;(ChromeDriver.java:83)<br/>
					org.openqa.selenium.chrome.ChromeDriver.&lt;init&gt;(ChromeDriver.java:51)<br/>
					Browser.browser.openBrowser(browser.java:11)<br/>
					TestCaseDemo.Test1.openBrowser(Test1.java:37)<br/>
					java.base/jdk.internal.reflect.NativeMethodAccessorImpl.invoke0(Native Method)<br/>
					java.base/jdk.internal.reflect.NativeMethodAccessorImpl.invoke(NativeMethodAccessorImpl.java:77)<br/>
					java.base/jdk.internal.reflect.DelegatingMethodAccessorImpl.invoke(DelegatingMethodAccessorImpl.java:43)<br/>
					java.base/java.lang.reflect.Method.invoke(Method.java:568)<br/>
					org.testng.internal.invokers.MethodInvocationHelper.invokeMethod(MethodInvocationHelper.java:141)<br/>
					org.testng.internal.invokers.MethodInvocationHelper.invokeMethodConsideringTimeout(MethodInvocationHelper.java:71)<br/>
					org.testng.internal.invokers.ConfigInvoker.invokeConfigurationMethod(ConfigInvoker.java:400)<br/>
					org.testng.internal.invokers.ConfigInvoker.invokeConfigurations(ConfigInvoker.java:333)<br/>
					org.testng.internal.invokers.TestInvoker.runConfigMethods(TestInvoker.java:833)<br/>
					org.testng.internal.invokers.TestInvoker.invokeMethod(TestInvoker.java:600)<br/>
					org.testng.internal.invokers.TestInvoker.invokeTestMethod(TestInvoker.java:230)<br/>
					org.testng.internal.invokers.MethodRunner.runInSequence(MethodRunner.java:63)<br/>
					org.testng.internal.invokers.TestInvoker$MethodInvocationAgent.invoke(TestInvoker.java:992)<br/>
					org.testng.internal.invokers.TestInvoker.invokeTestMethods(TestInvoker.java:203)<br/>
					org.testng.internal.invokers.TestMethodWorker.invokeTestMethods(TestMethodWorker.java:154)<br/>
					org.testng.internal.invokers.TestMethodWorker.run(TestMethodWorker.java:134)<br/>
					java.base/java.util.ArrayList.forEach(ArrayList.java:1511)<br/>
					org.testng.TestRunner.privateRun(TestRunner.java:739)<br/>
					org.testng.TestRunner.run(TestRunner.java:614)<br/>
					org.testng.SuiteRunner.runTest(SuiteRunner.java:421)<br/>
					org.testng.SuiteRunner.runSequentially(SuiteRunner.java:413)<br/>
					org.testng.SuiteRunner.privateRun(SuiteRunner.java:373)<br/>
					org.testng.SuiteRunner.run(SuiteRunner.java:312)<br/>
					org.testng.SuiteRunnerWorker.runSuite(SuiteRunnerWorker.java:52)<br/>
					org.testng.SuiteRunnerWorker.run(SuiteRunnerWorker.java:95)<br/>
					org.testng.TestNG.runSuitesSequentially(TestNG.java:1274)<br/>
					org.testng.TestNG.runSuitesLocally(TestNG.java:1208)<br/>
					org.testng.TestNG.runSuites(TestNG.java:1112)<br/>
					org.testng.TestNG.run(TestNG.java:1079)<br/>
					org.testng.remote.AbstractRemoteTestNG.run(AbstractRemoteTestNG.java:115)<br/>
					org.testng.remote.RemoteTestNG.initAndRun(RemoteTestNG.java:293)<br/>
					org.testng.remote.RemoteTestNG.main(RemoteTestNG.java:91)<br/>
							<b>Caused by: </b> <a href="javascript:toggleElement('causedBy-f6a124e8-1225-45e1-8681-486a6e29720e','block')" title="Click to expand/collapse">java.lang.IllegalStateException: chromedriver must exist: path\to\chromedriver</a><br/>
			<div class="stackTrace" id="causedBy-f6a124e8-1225-45e1-8681-486a6e29720e">
							org.openqa.selenium.internal.Require$PathStateChecker.isExecutable(Require.java:475)<br/>
							org.openqa.selenium.remote.service.DriverFinder.getBinaryPaths(DriverFinder.java:118)<br/>
							org.openqa.selenium.remote.service.DriverFinder.getDriverPath(DriverFinder.java:55)<br/>
							org.openqa.selenium.chrome.ChromeDriver.generateExecutor(ChromeDriver.java:99)<br/>
							org.openqa.selenium.chrome.ChromeDriver.&lt;init&gt;(ChromeDriver.java:88)<br/>
							org.openqa.selenium.chrome.ChromeDriver.&lt;init&gt;(ChromeDriver.java:83)<br/>
							org.openqa.selenium.chrome.ChromeDriver.&lt;init&gt;(ChromeDriver.java:51)<br/>
							Browser.browser.openBrowser(browser.java:11)<br/>
							TestCaseDemo.Test1.openBrowser(Test1.java:37)<br/>
							java.base/jdk.internal.reflect.NativeMethodAccessorImpl.invoke0(Native Method)<br/>
							java.base/jdk.internal.reflect.NativeMethodAccessorImpl.invoke(NativeMethodAccessorImpl.java:77)<br/>
							java.base/jdk.internal.reflect.DelegatingMethodAccessorImpl.invoke(DelegatingMethodAccessorImpl.java:43)<br/>
							java.base/java.lang.reflect.Method.invoke(Method.java:568)<br/>
							org.testng.internal.invokers.MethodInvocationHelper.invokeMethod(MethodInvocationHelper.java:141)<br/>
							org.testng.internal.invokers.MethodInvocationHelper.invokeMethodConsideringTimeout(MethodInvocationHelper.java:71)<br/>
							org.testng.internal.invokers.ConfigInvoker.invokeConfigurationMethod(ConfigInvoker.java:400)<br/>
							org.testng.internal.invokers.ConfigInvoker.invokeConfigurations(ConfigInvoker.java:333)<br/>
							org.testng.internal.invokers.TestInvoker.runConfigMethods(TestInvoker.java:833)<br/>
							org.testng.internal.invokers.TestInvoker.invokeMethod(TestInvoker.java:600)<br/>
							org.testng.internal.invokers.TestInvoker.invokeTestMethod(TestInvoker.java:230)<br/>
							org.testng.internal.invokers.MethodRunner.runInSequence(MethodRunner.java:63)<br/>
							org.testng.internal.invokers.TestInvoker$MethodInvocationAgent.invoke(TestInvoker.java:992)<br/>
							org.testng.internal.invokers.TestInvoker.invokeTestMethods(TestInvoker.java:203)<br/>
							org.testng.internal.invokers.TestMethodWorker.invokeTestMethods(TestMethodWorker.java:154)<br/>
							org.testng.internal.invokers.TestMethodWorker.run(TestMethodWorker.java:134)<br/>
							java.base/java.util.ArrayList.forEach(ArrayList.java:1511)<br/>
							org.testng.TestRunner.privateRun(TestRunner.java:739)<br/>
							org.testng.TestRunner.run(TestRunner.java:614)<br/>
							org.testng.SuiteRunner.runTest(SuiteRunner.java:421)<br/>
							org.testng.SuiteRunner.runSequentially(SuiteRunner.java:413)<br/>
							org.testng.SuiteRunner.privateRun(SuiteRunner.java:373)<br/>
							org.testng.SuiteRunner.run(SuiteRunner.java:312)<br/>
							org.testng.SuiteRunnerWorker.runSuite(SuiteRunnerWorker.java:52)<br/>
							org.testng.SuiteRunnerWorker.run(SuiteRunnerWorker.java:95)<br/>
							org.testng.TestNG.runSuitesSequentially(TestNG.java:1274)<br/>
							org.testng.TestNG.runSuitesLocally(TestNG.java:1208)<br/>
							org.testng.TestNG.runSuites(TestNG.java:1112)<br/>
							org.testng.TestNG.run(TestNG.java:1079)<br/>
							org.testng.remote.AbstractRemoteTestNG.run(AbstractRemoteTestNG.java:115)<br/>
							org.testng.remote.RemoteTestNG.initAndRun(RemoteTestNG.java:293)<br/>
							org.testng.remote.RemoteTestNG.main(RemoteTestNG.java:91)<br/>
						</div>
				</div>
		</td>
	</div>
</tr>
					<tr>
	<td class="time">1741243382646</td>
	<td class="header skipped" colspan="4" onClick="toggleElement('dc3b795a-14b5-4e5b-b7ce-a49eca488b2a','block');changeSingleIcon('span-dc3b795a-14b5-4e5b-b7ce-a49eca488b2a');" title="Click to expand/collapse" style="cursor: pointer;">
	<div style="float:left;"><i>Class&nbsp;:&nbsp;</i>TestCaseDemo.Test1</div>
	<div style="float:right;">@Test @ with DataProvider : [""] &nbsp;&nbsp;<span id='span-dc3b795a-14b5-4e5b-b7ce-a49eca488b2a' class="glyphicon glyphicon-menu-down"></span></div>
	</td>
	</tr>
<tr>
	<td class="time">1741243382646</td>
	<td class="methodTest">
		<span class="description"><b>Method: </b>titleTest</span><br>
			<span class="description"><b>Description: </b></span><br>
				<span class="description"><b>Priority: </b><font color='blue'>1</font></span><br>
						<span class="duration"><b>Duration: </b>0.000s</span><br>
	</td>
	<td class="result">
		 									<div class="stackTrace" id="dc3b795a-14b5-4e5b-b7ce-a49eca488b2a" style="display: block;">
						<a href="javascript:toggleElement('exception-dc3b795a-14b5-4e5b-b7ce-a49eca488b2a','block')" title="Click to expand/collapse"><b>org.openqa.selenium.remote.NoSuchDriverException: Unable to obtain: chromedriver, error chromedriver must exist: path\to\chromedriver<br/>
For documentation on this error, please visit: https://www.selenium.dev/documentation/webdriver/troubleshooting/errors/driver_location/<br/>
Build info: version: &apos;4.29.0&apos;, revision: &apos;5fc1ec94cb&apos;<br/>
System info: os.name: &apos;Windows 11&apos;, os.arch: &apos;amd64&apos;, os.version: &apos;10.0&apos;, java.version: &apos;17.0.4.1&apos;<br/>
Driver info: driver.version: ChromeDriver</b></a><br/>
		<div class="stackTrace" id="exception-dc3b795a-14b5-4e5b-b7ce-a49eca488b2a">
					org.openqa.selenium.remote.service.DriverFinder.getBinaryPaths(DriverFinder.java:121)<br/>
					org.openqa.selenium.remote.service.DriverFinder.getDriverPath(DriverFinder.java:55)<br/>
					org.openqa.selenium.chrome.ChromeDriver.generateExecutor(ChromeDriver.java:99)<br/>
					org.openqa.selenium.chrome.ChromeDriver.&lt;init&gt;(ChromeDriver.java:88)<br/>
					org.openqa.selenium.chrome.ChromeDriver.&lt;init&gt;(ChromeDriver.java:83)<br/>
					org.openqa.selenium.chrome.ChromeDriver.&lt;init&gt;(ChromeDriver.java:51)<br/>
					Browser.browser.openBrowser(browser.java:11)<br/>
					TestCaseDemo.Test1.openBrowser(Test1.java:37)<br/>
					java.base/jdk.internal.reflect.NativeMethodAccessorImpl.invoke0(Native Method)<br/>
					java.base/jdk.internal.reflect.NativeMethodAccessorImpl.invoke(NativeMethodAccessorImpl.java:77)<br/>
					java.base/jdk.internal.reflect.DelegatingMethodAccessorImpl.invoke(DelegatingMethodAccessorImpl.java:43)<br/>
					java.base/java.lang.reflect.Method.invoke(Method.java:568)<br/>
					org.testng.internal.invokers.MethodInvocationHelper.invokeMethod(MethodInvocationHelper.java:141)<br/>
					org.testng.internal.invokers.MethodInvocationHelper.invokeMethodConsideringTimeout(MethodInvocationHelper.java:71)<br/>
					org.testng.internal.invokers.ConfigInvoker.invokeConfigurationMethod(ConfigInvoker.java:400)<br/>
					org.testng.internal.invokers.ConfigInvoker.invokeConfigurations(ConfigInvoker.java:333)<br/>
					org.testng.internal.invokers.TestInvoker.runConfigMethods(TestInvoker.java:833)<br/>
					org.testng.internal.invokers.TestInvoker.invokeMethod(TestInvoker.java:600)<br/>
					org.testng.internal.invokers.TestInvoker.invokeTestMethod(TestInvoker.java:230)<br/>
					org.testng.internal.invokers.MethodRunner.runInSequence(MethodRunner.java:63)<br/>
					org.testng.internal.invokers.TestInvoker$MethodInvocationAgent.invoke(TestInvoker.java:992)<br/>
					org.testng.internal.invokers.TestInvoker.invokeTestMethods(TestInvoker.java:203)<br/>
					org.testng.internal.invokers.TestMethodWorker.invokeTestMethods(TestMethodWorker.java:154)<br/>
					org.testng.internal.invokers.TestMethodWorker.run(TestMethodWorker.java:134)<br/>
					java.base/java.util.ArrayList.forEach(ArrayList.java:1511)<br/>
					org.testng.TestRunner.privateRun(TestRunner.java:739)<br/>
					org.testng.TestRunner.run(TestRunner.java:614)<br/>
					org.testng.SuiteRunner.runTest(SuiteRunner.java:421)<br/>
					org.testng.SuiteRunner.runSequentially(SuiteRunner.java:413)<br/>
					org.testng.SuiteRunner.privateRun(SuiteRunner.java:373)<br/>
					org.testng.SuiteRunner.run(SuiteRunner.java:312)<br/>
					org.testng.SuiteRunnerWorker.runSuite(SuiteRunnerWorker.java:52)<br/>
					org.testng.SuiteRunnerWorker.run(SuiteRunnerWorker.java:95)<br/>
					org.testng.TestNG.runSuitesSequentially(TestNG.java:1274)<br/>
					org.testng.TestNG.runSuitesLocally(TestNG.java:1208)<br/>
					org.testng.TestNG.runSuites(TestNG.java:1112)<br/>
					org.testng.TestNG.run(TestNG.java:1079)<br/>
					org.testng.remote.AbstractRemoteTestNG.run(AbstractRemoteTestNG.java:115)<br/>
					org.testng.remote.RemoteTestNG.initAndRun(RemoteTestNG.java:293)<br/>
					org.testng.remote.RemoteTestNG.main(RemoteTestNG.java:91)<br/>
							<b>Caused by: </b> <a href="javascript:toggleElement('causedBy-dc3b795a-14b5-4e5b-b7ce-a49eca488b2a','block')" title="Click to expand/collapse">java.lang.IllegalStateException: chromedriver must exist: path\to\chromedriver</a><br/>
			<div class="stackTrace" id="causedBy-dc3b795a-14b5-4e5b-b7ce-a49eca488b2a">
							org.openqa.selenium.internal.Require$PathStateChecker.isExecutable(Require.java:475)<br/>
							org.openqa.selenium.remote.service.DriverFinder.getBinaryPaths(DriverFinder.java:118)<br/>
							org.openqa.selenium.remote.service.DriverFinder.getDriverPath(DriverFinder.java:55)<br/>
							org.openqa.selenium.chrome.ChromeDriver.generateExecutor(ChromeDriver.java:99)<br/>
							org.openqa.selenium.chrome.ChromeDriver.&lt;init&gt;(ChromeDriver.java:88)<br/>
							org.openqa.selenium.chrome.ChromeDriver.&lt;init&gt;(ChromeDriver.java:83)<br/>
							org.openqa.selenium.chrome.ChromeDriver.&lt;init&gt;(ChromeDriver.java:51)<br/>
							Browser.browser.openBrowser(browser.java:11)<br/>
							TestCaseDemo.Test1.openBrowser(Test1.java:37)<br/>
							java.base/jdk.internal.reflect.NativeMethodAccessorImpl.invoke0(Native Method)<br/>
							java.base/jdk.internal.reflect.NativeMethodAccessorImpl.invoke(NativeMethodAccessorImpl.java:77)<br/>
							java.base/jdk.internal.reflect.DelegatingMethodAccessorImpl.invoke(DelegatingMethodAccessorImpl.java:43)<br/>
							java.base/java.lang.reflect.Method.invoke(Method.java:568)<br/>
							org.testng.internal.invokers.MethodInvocationHelper.invokeMethod(MethodInvocationHelper.java:141)<br/>
							org.testng.internal.invokers.MethodInvocationHelper.invokeMethodConsideringTimeout(MethodInvocationHelper.java:71)<br/>
							org.testng.internal.invokers.ConfigInvoker.invokeConfigurationMethod(ConfigInvoker.java:400)<br/>
							org.testng.internal.invokers.ConfigInvoker.invokeConfigurations(ConfigInvoker.java:333)<br/>
							org.testng.internal.invokers.TestInvoker.runConfigMethods(TestInvoker.java:833)<br/>
							org.testng.internal.invokers.TestInvoker.invokeMethod(TestInvoker.java:600)<br/>
							org.testng.internal.invokers.TestInvoker.invokeTestMethod(TestInvoker.java:230)<br/>
							org.testng.internal.invokers.MethodRunner.runInSequence(MethodRunner.java:63)<br/>
							org.testng.internal.invokers.TestInvoker$MethodInvocationAgent.invoke(TestInvoker.java:992)<br/>
							org.testng.internal.invokers.TestInvoker.invokeTestMethods(TestInvoker.java:203)<br/>
							org.testng.internal.invokers.TestMethodWorker.invokeTestMethods(TestMethodWorker.java:154)<br/>
							org.testng.internal.invokers.TestMethodWorker.run(TestMethodWorker.java:134)<br/>
							java.base/java.util.ArrayList.forEach(ArrayList.java:1511)<br/>
							org.testng.TestRunner.privateRun(TestRunner.java:739)<br/>
							org.testng.TestRunner.run(TestRunner.java:614)<br/>
							org.testng.SuiteRunner.runTest(SuiteRunner.java:421)<br/>
							org.testng.SuiteRunner.runSequentially(SuiteRunner.java:413)<br/>
							org.testng.SuiteRunner.privateRun(SuiteRunner.java:373)<br/>
							org.testng.SuiteRunner.run(SuiteRunner.java:312)<br/>
							org.testng.SuiteRunnerWorker.runSuite(SuiteRunnerWorker.java:52)<br/>
							org.testng.SuiteRunnerWorker.run(SuiteRunnerWorker.java:95)<br/>
							org.testng.TestNG.runSuitesSequentially(TestNG.java:1274)<br/>
							org.testng.TestNG.runSuitesLocally(TestNG.java:1208)<br/>
							org.testng.TestNG.runSuites(TestNG.java:1112)<br/>
							org.testng.TestNG.run(TestNG.java:1079)<br/>
							org.testng.remote.AbstractRemoteTestNG.run(AbstractRemoteTestNG.java:115)<br/>
							org.testng.remote.RemoteTestNG.initAndRun(RemoteTestNG.java:293)<br/>
							org.testng.remote.RemoteTestNG.main(RemoteTestNG.java:91)<br/>
						</div>
				</div>
		</td>
	</div>
</tr>
									<tr>
	<td class="time">1741243382751</td>
	<td class="header skipped" colspan="4" onClick="toggleElement('8aac791c-7955-430e-bcec-8c5bdc1e0da6','block');changeSingleIcon('span-8aac791c-7955-430e-bcec-8c5bdc1e0da6');" title="Click to expand/collapse" style="cursor: pointer;">
	<div style="float:left;"><i>Class&nbsp;:&nbsp;</i>TestCaseDemo.Test2</div>
	<div style="float:right;">@Test @ with DataProvider : [""] &nbsp;&nbsp;<span id='span-8aac791c-7955-430e-bcec-8c5bdc1e0da6' class="glyphicon glyphicon-menu-down"></span></div>
	</td>
	</tr>
<tr>
	<td class="time">1741243382751</td>
	<td class="methodTest">
		<span class="description"><b>Method: </b>checkMyInfo</span><br>
			<span class="description"><b>Description: </b></span><br>
				<span class="description"><b>Priority: </b><font color='blue'>3</font></span><br>
						<span class="duration"><b>Duration: </b>0.000s</span><br>
	</td>
	<td class="result">
		 							<i>Depends on method(s): </i>
			<span class="dependency">TestCaseDemo.Test2.loginFunctionality</span>
							<div class="stackTrace" id="8aac791c-7955-430e-bcec-8c5bdc1e0da6" style="display: block;">
												==============================================================================================<br>
												Total Passed: 0(+0), Failures: 0(+0), Skips: 5(+5)<br>
												==============================================================================================<br>
									<a href="javascript:toggleElement('exception-8aac791c-7955-430e-bcec-8c5bdc1e0da6','block')" title="Click to expand/collapse"><b>java.lang.Throwable: Method TestCaseDemo.Test2.checkMyInfo() on instance TestCaseDemo.Test2@241e8ea6 depends on not successfully finished methods <br/>
[TestCaseDemo.Test2.loginFunctionality() on instance TestCaseDemo.Test2@241e8ea6]</b></a><br/>
		<div class="stackTrace" id="exception-8aac791c-7955-430e-bcec-8c5bdc1e0da6">
					org.testng.internal.invokers.TestInvoker.invokeTestMethods(TestInvoker.java:159)<br/>
					org.testng.internal.invokers.TestMethodWorker.invokeTestMethods(TestMethodWorker.java:154)<br/>
					org.testng.internal.invokers.TestMethodWorker.run(TestMethodWorker.java:134)<br/>
					java.base/java.util.ArrayList.forEach(ArrayList.java:1511)<br/>
					org.testng.TestRunner.privateRun(TestRunner.java:739)<br/>
					org.testng.TestRunner.run(TestRunner.java:614)<br/>
					org.testng.SuiteRunner.runTest(SuiteRunner.java:421)<br/>
					org.testng.SuiteRunner.runSequentially(SuiteRunner.java:413)<br/>
					org.testng.SuiteRunner.privateRun(SuiteRunner.java:373)<br/>
					org.testng.SuiteRunner.run(SuiteRunner.java:312)<br/>
					org.testng.SuiteRunnerWorker.runSuite(SuiteRunnerWorker.java:52)<br/>
					org.testng.SuiteRunnerWorker.run(SuiteRunnerWorker.java:95)<br/>
					org.testng.TestNG.runSuitesSequentially(TestNG.java:1274)<br/>
					org.testng.TestNG.runSuitesLocally(TestNG.java:1208)<br/>
					org.testng.TestNG.runSuites(TestNG.java:1112)<br/>
					org.testng.TestNG.run(TestNG.java:1079)<br/>
					org.testng.remote.AbstractRemoteTestNG.run(AbstractRemoteTestNG.java:115)<br/>
					org.testng.remote.RemoteTestNG.initAndRun(RemoteTestNG.java:293)<br/>
					org.testng.remote.RemoteTestNG.main(RemoteTestNG.java:91)<br/>
						</div>
		</td>
	</div>
</tr>
					<tr>
	<td class="time">1741243382718</td>
	<td class="header skipped" colspan="4" onClick="toggleElement('3c8746ff-4feb-4912-9bcd-2b2e9ee53aee','block');changeSingleIcon('span-3c8746ff-4feb-4912-9bcd-2b2e9ee53aee');" title="Click to expand/collapse" style="cursor: pointer;">
	<div style="float:left;"><i>Class&nbsp;:&nbsp;</i>TestCaseDemo.Test2</div>
	<div style="float:right;">@Test @ with DataProvider : [""] &nbsp;&nbsp;<span id='span-3c8746ff-4feb-4912-9bcd-2b2e9ee53aee' class="glyphicon glyphicon-menu-down"></span></div>
	</td>
	</tr>
<tr>
	<td class="time">1741243382718</td>
	<td class="methodTest">
		<span class="description"><b>Method: </b>checkTitle</span><br>
			<span class="description"><b>Description: </b></span><br>
				<span class="description"><b>Priority: </b><font color='blue'>1</font></span><br>
						<span class="duration"><b>Duration: </b>0.000s</span><br>
	</td>
	<td class="result">
		 									<div class="stackTrace" id="3c8746ff-4feb-4912-9bcd-2b2e9ee53aee" style="display: block;">
						<a href="javascript:toggleElement('exception-3c8746ff-4feb-4912-9bcd-2b2e9ee53aee','block')" title="Click to expand/collapse"><b>org.openqa.selenium.remote.NoSuchDriverException: Unable to obtain: chromedriver, error chromedriver must exist: path\to\chromedriver<br/>
For documentation on this error, please visit: https://www.selenium.dev/documentation/webdriver/troubleshooting/errors/driver_location/<br/>
Build info: version: &apos;4.29.0&apos;, revision: &apos;5fc1ec94cb&apos;<br/>
System info: os.name: &apos;Windows 11&apos;, os.arch: &apos;amd64&apos;, os.version: &apos;10.0&apos;, java.version: &apos;17.0.4.1&apos;<br/>
Driver info: driver.version: ChromeDriver</b></a><br/>
		<div class="stackTrace" id="exception-3c8746ff-4feb-4912-9bcd-2b2e9ee53aee">
					org.openqa.selenium.remote.service.DriverFinder.getBinaryPaths(DriverFinder.java:121)<br/>
					org.openqa.selenium.remote.service.DriverFinder.getDriverPath(DriverFinder.java:55)<br/>
					org.openqa.selenium.chrome.ChromeDriver.generateExecutor(ChromeDriver.java:99)<br/>
					org.openqa.selenium.chrome.ChromeDriver.&lt;init&gt;(ChromeDriver.java:88)<br/>
					org.openqa.selenium.chrome.ChromeDriver.&lt;init&gt;(ChromeDriver.java:83)<br/>
					org.openqa.selenium.chrome.ChromeDriver.&lt;init&gt;(ChromeDriver.java:51)<br/>
					TestCaseDemo.Test2.setup(Test2.java:36)<br/>
					java.base/jdk.internal.reflect.NativeMethodAccessorImpl.invoke0(Native Method)<br/>
					java.base/jdk.internal.reflect.NativeMethodAccessorImpl.invoke(NativeMethodAccessorImpl.java:77)<br/>
					java.base/jdk.internal.reflect.DelegatingMethodAccessorImpl.invoke(DelegatingMethodAccessorImpl.java:43)<br/>
					java.base/java.lang.reflect.Method.invoke(Method.java:568)<br/>
					org.testng.internal.invokers.MethodInvocationHelper.invokeMethod(MethodInvocationHelper.java:141)<br/>
					org.testng.internal.invokers.MethodInvocationHelper.invokeMethodConsideringTimeout(MethodInvocationHelper.java:71)<br/>
					org.testng.internal.invokers.ConfigInvoker.invokeConfigurationMethod(ConfigInvoker.java:400)<br/>
					org.testng.internal.invokers.ConfigInvoker.invokeConfigurations(ConfigInvoker.java:333)<br/>
					org.testng.internal.invokers.TestMethodWorker.invokeBeforeClassMethods(TestMethodWorker.java:188)<br/>
					org.testng.internal.invokers.TestMethodWorker.run(TestMethodWorker.java:128)<br/>
					java.base/java.util.ArrayList.forEach(ArrayList.java:1511)<br/>
					org.testng.TestRunner.privateRun(TestRunner.java:739)<br/>
					org.testng.TestRunner.run(TestRunner.java:614)<br/>
					org.testng.SuiteRunner.runTest(SuiteRunner.java:421)<br/>
					org.testng.SuiteRunner.runSequentially(SuiteRunner.java:413)<br/>
					org.testng.SuiteRunner.privateRun(SuiteRunner.java:373)<br/>
					org.testng.SuiteRunner.run(SuiteRunner.java:312)<br/>
					org.testng.SuiteRunnerWorker.runSuite(SuiteRunnerWorker.java:52)<br/>
					org.testng.SuiteRunnerWorker.run(SuiteRunnerWorker.java:95)<br/>
					org.testng.TestNG.runSuitesSequentially(TestNG.java:1274)<br/>
					org.testng.TestNG.runSuitesLocally(TestNG.java:1208)<br/>
					org.testng.TestNG.runSuites(TestNG.java:1112)<br/>
					org.testng.TestNG.run(TestNG.java:1079)<br/>
					org.testng.remote.AbstractRemoteTestNG.run(AbstractRemoteTestNG.java:115)<br/>
					org.testng.remote.RemoteTestNG.initAndRun(RemoteTestNG.java:293)<br/>
					org.testng.remote.RemoteTestNG.main(RemoteTestNG.java:91)<br/>
							<b>Caused by: </b> <a href="javascript:toggleElement('causedBy-3c8746ff-4feb-4912-9bcd-2b2e9ee53aee','block')" title="Click to expand/collapse">java.lang.IllegalStateException: chromedriver must exist: path\to\chromedriver</a><br/>
			<div class="stackTrace" id="causedBy-3c8746ff-4feb-4912-9bcd-2b2e9ee53aee">
							org.openqa.selenium.internal.Require$PathStateChecker.isExecutable(Require.java:475)<br/>
							org.openqa.selenium.remote.service.DriverFinder.getBinaryPaths(DriverFinder.java:118)<br/>
							org.openqa.selenium.remote.service.DriverFinder.getDriverPath(DriverFinder.java:55)<br/>
							org.openqa.selenium.chrome.ChromeDriver.generateExecutor(ChromeDriver.java:99)<br/>
							org.openqa.selenium.chrome.ChromeDriver.&lt;init&gt;(ChromeDriver.java:88)<br/>
							org.openqa.selenium.chrome.ChromeDriver.&lt;init&gt;(ChromeDriver.java:83)<br/>
							org.openqa.selenium.chrome.ChromeDriver.&lt;init&gt;(ChromeDriver.java:51)<br/>
							TestCaseDemo.Test2.setup(Test2.java:36)<br/>
							java.base/jdk.internal.reflect.NativeMethodAccessorImpl.invoke0(Native Method)<br/>
							java.base/jdk.internal.reflect.NativeMethodAccessorImpl.invoke(NativeMethodAccessorImpl.java:77)<br/>
							java.base/jdk.internal.reflect.DelegatingMethodAccessorImpl.invoke(DelegatingMethodAccessorImpl.java:43)<br/>
							java.base/java.lang.reflect.Method.invoke(Method.java:568)<br/>
							org.testng.internal.invokers.MethodInvocationHelper.invokeMethod(MethodInvocationHelper.java:141)<br/>
							org.testng.internal.invokers.MethodInvocationHelper.invokeMethodConsideringTimeout(MethodInvocationHelper.java:71)<br/>
							org.testng.internal.invokers.ConfigInvoker.invokeConfigurationMethod(ConfigInvoker.java:400)<br/>
							org.testng.internal.invokers.ConfigInvoker.invokeConfigurations(ConfigInvoker.java:333)<br/>
							org.testng.internal.invokers.TestMethodWorker.invokeBeforeClassMethods(TestMethodWorker.java:188)<br/>
							org.testng.internal.invokers.TestMethodWorker.run(TestMethodWorker.java:128)<br/>
							java.base/java.util.ArrayList.forEach(ArrayList.java:1511)<br/>
							org.testng.TestRunner.privateRun(TestRunner.java:739)<br/>
							org.testng.TestRunner.run(TestRunner.java:614)<br/>
							org.testng.SuiteRunner.runTest(SuiteRunner.java:421)<br/>
							org.testng.SuiteRunner.runSequentially(SuiteRunner.java:413)<br/>
							org.testng.SuiteRunner.privateRun(SuiteRunner.java:373)<br/>
							org.testng.SuiteRunner.run(SuiteRunner.java:312)<br/>
							org.testng.SuiteRunnerWorker.runSuite(SuiteRunnerWorker.java:52)<br/>
							org.testng.SuiteRunnerWorker.run(SuiteRunnerWorker.java:95)<br/>
							org.testng.TestNG.runSuitesSequentially(TestNG.java:1274)<br/>
							org.testng.TestNG.runSuitesLocally(TestNG.java:1208)<br/>
							org.testng.TestNG.runSuites(TestNG.java:1112)<br/>
							org.testng.TestNG.run(TestNG.java:1079)<br/>
							org.testng.remote.AbstractRemoteTestNG.run(AbstractRemoteTestNG.java:115)<br/>
							org.testng.remote.RemoteTestNG.initAndRun(RemoteTestNG.java:293)<br/>
							org.testng.remote.RemoteTestNG.main(RemoteTestNG.java:91)<br/>
						</div>
				</div>
		</td>
	</div>
</tr>
					<tr>
	<td class="time">1741243382731</td>
	<td class="header skipped" colspan="4" onClick="toggleElement('434e08e3-89ad-4a5b-a813-17b934a70c45','block');changeSingleIcon('span-434e08e3-89ad-4a5b-a813-17b934a70c45');" title="Click to expand/collapse" style="cursor: pointer;">
	<div style="float:left;"><i>Class&nbsp;:&nbsp;</i>TestCaseDemo.Test2</div>
	<div style="float:right;">@Test @ with DataProvider : [""] &nbsp;&nbsp;<span id='span-434e08e3-89ad-4a5b-a813-17b934a70c45' class="glyphicon glyphicon-menu-down"></span></div>
	</td>
	</tr>
<tr>
	<td class="time">1741243382731</td>
	<td class="methodTest">
		<span class="description"><b>Method: </b>loginFunctionality</span><br>
			<span class="description"><b>Description: </b></span><br>
				<span class="description"><b>Priority: </b><font color='blue'>2</font></span><br>
						<span class="duration"><b>Duration: </b>0.001s</span><br>
	</td>
	<td class="result">
		 									<div class="stackTrace" id="434e08e3-89ad-4a5b-a813-17b934a70c45" style="display: block;">
						<a href="javascript:toggleElement('exception-434e08e3-89ad-4a5b-a813-17b934a70c45','block')" title="Click to expand/collapse"><b>org.openqa.selenium.remote.NoSuchDriverException: Unable to obtain: chromedriver, error chromedriver must exist: path\to\chromedriver<br/>
For documentation on this error, please visit: https://www.selenium.dev/documentation/webdriver/troubleshooting/errors/driver_location/<br/>
Build info: version: &apos;4.29.0&apos;, revision: &apos;5fc1ec94cb&apos;<br/>
System info: os.name: &apos;Windows 11&apos;, os.arch: &apos;amd64&apos;, os.version: &apos;10.0&apos;, java.version: &apos;17.0.4.1&apos;<br/>
Driver info: driver.version: ChromeDriver</b></a><br/>
		<div class="stackTrace" id="exception-434e08e3-89ad-4a5b-a813-17b934a70c45">
					org.openqa.selenium.remote.service.DriverFinder.getBinaryPaths(DriverFinder.java:121)<br/>
					org.openqa.selenium.remote.service.DriverFinder.getDriverPath(DriverFinder.java:55)<br/>
					org.openqa.selenium.chrome.ChromeDriver.generateExecutor(ChromeDriver.java:99)<br/>
					org.openqa.selenium.chrome.ChromeDriver.&lt;init&gt;(ChromeDriver.java:88)<br/>
					org.openqa.selenium.chrome.ChromeDriver.&lt;init&gt;(ChromeDriver.java:83)<br/>
					org.openqa.selenium.chrome.ChromeDriver.&lt;init&gt;(ChromeDriver.java:51)<br/>
					TestCaseDemo.Test2.setup(Test2.java:36)<br/>
					java.base/jdk.internal.reflect.NativeMethodAccessorImpl.invoke0(Native Method)<br/>
					java.base/jdk.internal.reflect.NativeMethodAccessorImpl.invoke(NativeMethodAccessorImpl.java:77)<br/>
					java.base/jdk.internal.reflect.DelegatingMethodAccessorImpl.invoke(DelegatingMethodAccessorImpl.java:43)<br/>
					java.base/java.lang.reflect.Method.invoke(Method.java:568)<br/>
					org.testng.internal.invokers.MethodInvocationHelper.invokeMethod(MethodInvocationHelper.java:141)<br/>
					org.testng.internal.invokers.MethodInvocationHelper.invokeMethodConsideringTimeout(MethodInvocationHelper.java:71)<br/>
					org.testng.internal.invokers.ConfigInvoker.invokeConfigurationMethod(ConfigInvoker.java:400)<br/>
					org.testng.internal.invokers.ConfigInvoker.invokeConfigurations(ConfigInvoker.java:333)<br/>
					org.testng.internal.invokers.TestMethodWorker.invokeBeforeClassMethods(TestMethodWorker.java:188)<br/>
					org.testng.internal.invokers.TestMethodWorker.run(TestMethodWorker.java:128)<br/>
					java.base/java.util.ArrayList.forEach(ArrayList.java:1511)<br/>
					org.testng.TestRunner.privateRun(TestRunner.java:739)<br/>
					org.testng.TestRunner.run(TestRunner.java:614)<br/>
					org.testng.SuiteRunner.runTest(SuiteRunner.java:421)<br/>
					org.testng.SuiteRunner.runSequentially(SuiteRunner.java:413)<br/>
					org.testng.SuiteRunner.privateRun(SuiteRunner.java:373)<br/>
					org.testng.SuiteRunner.run(SuiteRunner.java:312)<br/>
					org.testng.SuiteRunnerWorker.runSuite(SuiteRunnerWorker.java:52)<br/>
					org.testng.SuiteRunnerWorker.run(SuiteRunnerWorker.java:95)<br/>
					org.testng.TestNG.runSuitesSequentially(TestNG.java:1274)<br/>
					org.testng.TestNG.runSuitesLocally(TestNG.java:1208)<br/>
					org.testng.TestNG.runSuites(TestNG.java:1112)<br/>
					org.testng.TestNG.run(TestNG.java:1079)<br/>
					org.testng.remote.AbstractRemoteTestNG.run(AbstractRemoteTestNG.java:115)<br/>
					org.testng.remote.RemoteTestNG.initAndRun(RemoteTestNG.java:293)<br/>
					org.testng.remote.RemoteTestNG.main(RemoteTestNG.java:91)<br/>
							<b>Caused by: </b> <a href="javascript:toggleElement('causedBy-434e08e3-89ad-4a5b-a813-17b934a70c45','block')" title="Click to expand/collapse">java.lang.IllegalStateException: chromedriver must exist: path\to\chromedriver</a><br/>
			<div class="stackTrace" id="causedBy-434e08e3-89ad-4a5b-a813-17b934a70c45">
							org.openqa.selenium.internal.Require$PathStateChecker.isExecutable(Require.java:475)<br/>
							org.openqa.selenium.remote.service.DriverFinder.getBinaryPaths(DriverFinder.java:118)<br/>
							org.openqa.selenium.remote.service.DriverFinder.getDriverPath(DriverFinder.java:55)<br/>
							org.openqa.selenium.chrome.ChromeDriver.generateExecutor(ChromeDriver.java:99)<br/>
							org.openqa.selenium.chrome.ChromeDriver.&lt;init&gt;(ChromeDriver.java:88)<br/>
							org.openqa.selenium.chrome.ChromeDriver.&lt;init&gt;(ChromeDriver.java:83)<br/>
							org.openqa.selenium.chrome.ChromeDriver.&lt;init&gt;(ChromeDriver.java:51)<br/>
							TestCaseDemo.Test2.setup(Test2.java:36)<br/>
							java.base/jdk.internal.reflect.NativeMethodAccessorImpl.invoke0(Native Method)<br/>
							java.base/jdk.internal.reflect.NativeMethodAccessorImpl.invoke(NativeMethodAccessorImpl.java:77)<br/>
							java.base/jdk.internal.reflect.DelegatingMethodAccessorImpl.invoke(DelegatingMethodAccessorImpl.java:43)<br/>
							java.base/java.lang.reflect.Method.invoke(Method.java:568)<br/>
							org.testng.internal.invokers.MethodInvocationHelper.invokeMethod(MethodInvocationHelper.java:141)<br/>
							org.testng.internal.invokers.MethodInvocationHelper.invokeMethodConsideringTimeout(MethodInvocationHelper.java:71)<br/>
							org.testng.internal.invokers.ConfigInvoker.invokeConfigurationMethod(ConfigInvoker.java:400)<br/>
							org.testng.internal.invokers.ConfigInvoker.invokeConfigurations(ConfigInvoker.java:333)<br/>
							org.testng.internal.invokers.TestMethodWorker.invokeBeforeClassMethods(TestMethodWorker.java:188)<br/>
							org.testng.internal.invokers.TestMethodWorker.run(TestMethodWorker.java:128)<br/>
							java.base/java.util.ArrayList.forEach(ArrayList.java:1511)<br/>
							org.testng.TestRunner.privateRun(TestRunner.java:739)<br/>
							org.testng.TestRunner.run(TestRunner.java:614)<br/>
							org.testng.SuiteRunner.runTest(SuiteRunner.java:421)<br/>
							org.testng.SuiteRunner.runSequentially(SuiteRunner.java:413)<br/>
							org.testng.SuiteRunner.privateRun(SuiteRunner.java:373)<br/>
							org.testng.SuiteRunner.run(SuiteRunner.java:312)<br/>
							org.testng.SuiteRunnerWorker.runSuite(SuiteRunnerWorker.java:52)<br/>
							org.testng.SuiteRunnerWorker.run(SuiteRunnerWorker.java:95)<br/>
							org.testng.TestNG.runSuitesSequentially(TestNG.java:1274)<br/>
							org.testng.TestNG.runSuitesLocally(TestNG.java:1208)<br/>
							org.testng.TestNG.runSuites(TestNG.java:1112)<br/>
							org.testng.TestNG.run(TestNG.java:1079)<br/>
							org.testng.remote.AbstractRemoteTestNG.run(AbstractRemoteTestNG.java:115)<br/>
							org.testng.remote.RemoteTestNG.initAndRun(RemoteTestNG.java:293)<br/>
							org.testng.remote.RemoteTestNG.main(RemoteTestNG.java:91)<br/>
						</div>
				</div>
		</td>
	</div>
</tr>
						
			  
	</tbody>
	</table>
</div>
</body>
</html>
