<?xml version="1.0" encoding="UTF-8"?>
<!-- Generated by org.testng.reporters.JUnitXMLReporter -->
<testsuite ignored="0" hostname="SAIMULE" failures="2" tests="3" name="Test" time="64.766" errors="0" timestamp="2025-03-10T11:53:22 IST">
  <testcase classname="io.cucumber.testng.AbstractTestNGCucumberTests" name="runScenario" time="15.625"/>
  <testcase classname="io.cucumber.testng.AbstractTestNGCucumberTests" name="runScenario" time="12.998">
    <failure type="java.lang.AssertionError" message="expected [manda user] but found [mandamandaTestFJohn TestMDoe]">
      <![CDATA[java.lang.AssertionError: expected [manda user] but found [mandamandaTestFJohn TestMDoe]
at StepDefinition.Sample2Scenario.user_checks_the_functionality_of_login(Sample2Scenario.java:29)
at ✽.User checks the functionality of login(file:///C:/Users/saimu/eclipse-workspace/ProjectName-3/src/test/resources/Feature/Sample2.feature:21)
... Removed 6 stack frames]]>
    </failure>
  </testcase> <!-- runScenario -->
  <testcase classname="io.cucumber.testng.AbstractTestNGCucumberTests" name="runScenario" time="34.609">
    <failure type="java.lang.AssertionError" message="expected [manda user] but found [mandamandaTestFJohn TestMDoe]">
      <![CDATA[java.lang.AssertionError: expected [manda user] but found [mandamandaTestFJohn TestMDoe]
at StepDefinition.Sample2Scenario.user_checks_the_functionality_of_login(Sample2Scenario.java:29)
at ✽.User checks the functionality of login(file:///C:/Users/saimu/eclipse-workspace/ProjectName-3/src/test/resources/Feature/Sample2.feature:21)
... Removed 6 stack frames]]>
    </failure>
  </testcase> <!-- runScenario -->
</testsuite> <!-- Test -->
